<?xml version="1.0" encoding="UTF-8"?>
<!-- Generated by org.testng.reporters.JUnitXMLReporter -->
<testsuite ignored="0" hostname="Mits-MacBook-Pro.local" failures="0" tests="2" name="Surefire test" time="10.317" errors="0" timestamp="11 Jan. 2022 04:42:47 GMT">
  <testcase classname="com.magneto.qa.testcases.MobilePageTest" name="verifyMobilePageTitle" time="0.006"/>
  <testcase classname="com.magneto.qa.testcases.HomePageTest" name="verifyHomePageTitle" time="0.002"/>
</testsuite> <!-- Surefire test -->
