<?xml version="1.0" encoding="UTF-8"?>
<testsuite xmlns:xsi="http://www.w3.org/2001/XMLSchema-instance" xsi:noNamespaceSchemaLocation="https://maven.apache.org/surefire/maven-surefire-plugin/xsd/surefire-test-report.xsd" name="TestSuite" time="10.616" tests="2" errors="0" skipped="0" failures="0">
  <properties>
[...]
</properties>
  <testcase name="verifyMobilePageTitle" classname="com.magneto.qa.testcases.MobilePageTest" time="0.007"/>
  <testcase name="verifyHomePageTitle" classname="com.magneto.qa.testcases.HomePageTest" time="0.003"/>
</testsuite>